
[15:34:12] 200 - 0s GET /api/v1
[15:34:14] 200 - 0s GET /api/v1
[15:34:15] 200 - 0s GET /api/v1
[16:11:13] 404 - 0s GET /
[16:11:17] 200 - 191.2µs GET /api/v1
[16:30:05] 404 - 0s GET /
[16:30:09] 200 - 602.8µs GET /api/v1
[16:30:18] 200 - 898.2µs GET /api/v1
[16:30:53] 200 - 550.5µs GET /api/v1
[16:30:53] 404 - 0s GET /favicon.ico
[16:31:06] 200 - 728.6µs GET /api/v1
[16:31:15] 200 - 90.8µs GET /api/v1
[22:42:29] 404 - 0s GET /
[22:42:29] 404 - 0s GET /favicon.ico
[22:42:35] 404 - 0s GET /api/v1/law
[22:42:37] 500 - 0s GET /api/v1/
[22:42:49] 200 - 512.6µs GET /api/v1/
[22:42:49] 404 - 0s GET /favicon.ico
[22:42:51] 200 - 0s GET /api/v1/
[22:42:52] 200 - 0s GET /api/v1/
[22:42:52] 200 - 0s GET /api/v1/
[22:42:52] 200 - 0s GET /api/v1/
[22:44:26] 200 - 22.056529s GET /api/v1/
[22:48:06] 200 - 5.4346803s GET /api/v1/
[22:53:02] 200 - 5.208807s GET /api/v1/
[22:54:56] 200 - 524.6µs GET /api/v1/
[22:54:57] 200 - 0s GET /api/v1/
[22:54:57] 200 - 0s GET /api/v1/
[22:54:58] 200 - 0s GET /api/v1/
[22:54:58] 200 - 0s GET /api/v1/
[22:55:02] 200 - 1.8027525s GET /api/v1/
[23:11:27] 200 - 600.4µs GET /
[23:11:27] 200 - 545.3µs GET /css/app.d40fc157.css
[23:11:27] 200 - 0s GET /js/app.75d8eba0.js
[23:11:27] 200 - 0s GET /js/chunk-vendors.85515c99.js
[23:11:27] 200 - 627.3µs GET /favicon.ico
[23:11:28] 200 - 619.2µs GET /api/v1/law
[23:11:28] 200 - 329.3µs GET /api/v1/law
[23:11:29] 200 - 291.3µs GET /api/v1/law
[23:11:29] 200 - 182.4µs GET /api/v1/law
[23:11:29] 200 - 211µs GET /api/v1/law
[23:11:29] 200 - 247.2µs GET /api/v1/law
[23:11:29] 200 - 326.2µs GET /api/v1/law
[23:11:29] 200 - 598µs GET /api/v1/law
[23:11:30] 200 - 594.8µs GET /api/v1/law
